{"/home/achyut/6003cem/c30-a/books-api/app.js": {"path":"/home/achyut/6003cem/c30-a/books-api/app.js","statementMap":{"0":{"start":{"line":1,"column":0},"end":{"line":1,"column":26}},"1":{"start":{"line":2,"column":16},"end":{"line":2,"column":34}},"2":{"start":{"line":3,"column":17},"end":{"line":3,"column":36}},"3":{"start":{"line":4,"column":21},"end":{"line":4,"column":52}},"4":{"start":{"line":5,"column":20},"end":{"line":5,"column":51}},"5":{"start":{"line":6,"column":23},"end":{"line":6,"column":52}},"6":{"start":{"line":7,"column":15},"end":{"line":7,"column":46}},"7":{"start":{"line":9,"column":20},"end":{"line":11,"column":24}},"8":{"start":{"line":13,"column":0},"end":{"line":17,"column":37}},"9":{"start":{"line":15,"column":8},"end":{"line":15,"column":50}},"10":{"start":{"line":17,"column":20},"end":{"line":17,"column":36}},"11":{"start":{"line":19,"column":12},"end":{"line":19,"column":21}},"12":{"start":{"line":21,"column":0},"end":{"line":21,"column":23}},"13":{"start":{"line":22,"column":0},"end":{"line":22,"column":33}},"14":{"start":{"line":24,"column":0},"end":{"line":26,"column":2}},"15":{"start":{"line":25,"column":4},"end":{"line":25,"column":26}},"16":{"start":{"line":28,"column":0},"end":{"line":28,"column":30}},"17":{"start":{"line":30,"column":0},"end":{"line":30,"column":43}},"18":{"start":{"line":32,"column":0},"end":{"line":34,"column":2}},"19":{"start":{"line":33,"column":4},"end":{"line":33,"column":22}},"20":{"start":{"line":36,"column":0},"end":{"line":41,"column":2}},"21":{"start":{"line":37,"column":4},"end":{"line":37,"column":22}},"22":{"start":{"line":38,"column":4},"end":{"line":39,"column":54}},"23":{"start":{"line":38,"column":40},"end":{"line":38,"column":55}},"24":{"start":{"line":39,"column":9},"end":{"line":39,"column":54}},"25":{"start":{"line":39,"column":39},"end":{"line":39,"column":54}},"26":{"start":{"line":40,"column":4},"end":{"line":40,"column":36}},"27":{"start":{"line":44,"column":0},"end":{"line":46,"column":2}},"28":{"start":{"line":45,"column":4},"end":{"line":45,"column":53}},"29":{"start":{"line":48,"column":0},"end":{"line":48,"column":20}}},"fnMap":{"0":{"name":"(anonymous_0)","decl":{"start":{"line":14,"column":10},"end":{"line":14,"column":11}},"loc":{"start":{"line":14,"column":16},"end":{"line":16,"column":5}},"line":14},"1":{"name":"(anonymous_1)","decl":{"start":{"line":17,"column":11},"end":{"line":17,"column":12}},"loc":{"start":{"line":17,"column":20},"end":{"line":17,"column":36}},"line":17},"2":{"name":"(anonymous_2)","decl":{"start":{"line":24,"column":13},"end":{"line":24,"column":14}},"loc":{"start":{"line":24,"column":27},"end":{"line":26,"column":1}},"line":24},"3":{"name":"(anonymous_3)","decl":{"start":{"line":32,"column":44},"end":{"line":32,"column":45}},"loc":{"start":{"line":32,"column":64},"end":{"line":34,"column":1}},"line":32},"4":{"name":"(anonymous_4)","decl":{"start":{"line":36,"column":8},"end":{"line":36,"column":9}},"loc":{"start":{"line":36,"column":33},"end":{"line":41,"column":1}},"line":36},"5":{"name":"(anonymous_5)","decl":{"start":{"line":44,"column":8},"end":{"line":44,"column":9}},"loc":{"start":{"line":44,"column":22},"end":{"line":46,"column":1}},"line":44}},"branchMap":{"0":{"loc":{"start":{"line":9,"column":20},"end":{"line":11,"column":24}},"type":"cond-expr","locations":[{"start":{"line":10,"column":6},"end":{"line":10,"column":29}},{"start":{"line":11,"column":6},"end":{"line":11,"column":24}}],"line":9},"1":{"loc":{"start":{"line":38,"column":4},"end":{"line":39,"column":54}},"type":"if","locations":[{"start":{"line":38,"column":4},"end":{"line":39,"column":54}},{"start":{"line":39,"column":9},"end":{"line":39,"column":54}}],"line":38},"2":{"loc":{"start":{"line":39,"column":9},"end":{"line":39,"column":54}},"type":"if","locations":[{"start":{"line":39,"column":9},"end":{"line":39,"column":54}},{"start":{},"end":{}}],"line":39}},"s":{"0":2,"1":2,"2":2,"3":2,"4":2,"5":2,"6":2,"7":2,"8":2,"9":2,"10":0,"11":2,"12":2,"13":2,"14":2,"15":0,"16":2,"17":2,"18":2,"19":0,"20":2,"21":0,"22":0,"23":0,"24":0,"25":0,"26":0,"27":2,"28":0,"29":2},"f":{"0":2,"1":0,"2":0,"3":0,"4":0,"5":0},"b":{"0":[2,0],"1":[0,0],"2":[0,0]},"_coverageSchema":"1a1c01bbd47fc00a2c39e90264f33305004495a9","hash":"45420b0551b1170ad3b1c24e13b5d0775dd6d536"}
,"/home/achyut/6003cem/c30-a/books-api/controllers/book-controller.js": {"path":"/home/achyut/6003cem/c30-a/books-api/controllers/book-controller.js","statementMap":{"0":{"start":{"line":1,"column":13},"end":{"line":1,"column":38}},"1":{"start":{"line":3,"column":20},"end":{"line":7,"column":1}},"2":{"start":{"line":4,"column":4},"end":{"line":6,"column":20}},"3":{"start":{"line":5,"column":23},"end":{"line":5,"column":38}},"4":{"start":{"line":9,"column":19},"end":{"line":13,"column":1}},"5":{"start":{"line":10,"column":4},"end":{"line":12,"column":32}},"6":{"start":{"line":11,"column":24},"end":{"line":11,"column":50}},"7":{"start":{"line":12,"column":22},"end":{"line":12,"column":31}},"8":{"start":{"line":15,"column":23},"end":{"line":19,"column":1}},"9":{"start":{"line":16,"column":4},"end":{"line":18,"column":20}},"10":{"start":{"line":17,"column":23},"end":{"line":17,"column":38}},"11":{"start":{"line":21,"column":20},"end":{"line":30,"column":1}},"12":{"start":{"line":22,"column":4},"end":{"line":29,"column":20}},"13":{"start":{"line":24,"column":12},"end":{"line":26,"column":13}},"14":{"start":{"line":25,"column":16},"end":{"line":25,"column":65}},"15":{"start":{"line":27,"column":12},"end":{"line":27,"column":26}},"16":{"start":{"line":32,"column":23},"end":{"line":39,"column":1}},"17":{"start":{"line":33,"column":4},"end":{"line":38,"column":20}},"18":{"start":{"line":37,"column":22},"end":{"line":37,"column":39}},"19":{"start":{"line":41,"column":23},"end":{"line":45,"column":1}},"20":{"start":{"line":42,"column":4},"end":{"line":44,"column":20}},"21":{"start":{"line":43,"column":23},"end":{"line":43,"column":44}},"22":{"start":{"line":47,"column":0},"end":{"line":54,"column":1}}},"fnMap":{"0":{"name":"(anonymous_0)","decl":{"start":{"line":3,"column":20},"end":{"line":3,"column":21}},"loc":{"start":{"line":3,"column":40},"end":{"line":7,"column":1}},"line":3},"1":{"name":"(anonymous_1)","decl":{"start":{"line":5,"column":14},"end":{"line":5,"column":15}},"loc":{"start":{"line":5,"column":23},"end":{"line":5,"column":38}},"line":5},"2":{"name":"(anonymous_2)","decl":{"start":{"line":9,"column":19},"end":{"line":9,"column":20}},"loc":{"start":{"line":9,"column":39},"end":{"line":13,"column":1}},"line":9},"3":{"name":"(anonymous_3)","decl":{"start":{"line":11,"column":14},"end":{"line":11,"column":15}},"loc":{"start":{"line":11,"column":24},"end":{"line":11,"column":50}},"line":11},"4":{"name":"(anonymous_4)","decl":{"start":{"line":12,"column":15},"end":{"line":12,"column":16}},"loc":{"start":{"line":12,"column":22},"end":{"line":12,"column":31}},"line":12},"5":{"name":"(anonymous_5)","decl":{"start":{"line":15,"column":23},"end":{"line":15,"column":24}},"loc":{"start":{"line":15,"column":43},"end":{"line":19,"column":1}},"line":15},"6":{"name":"(anonymous_6)","decl":{"start":{"line":17,"column":14},"end":{"line":17,"column":15}},"loc":{"start":{"line":17,"column":23},"end":{"line":17,"column":38}},"line":17},"7":{"name":"(anonymous_7)","decl":{"start":{"line":21,"column":20},"end":{"line":21,"column":21}},"loc":{"start":{"line":21,"column":40},"end":{"line":30,"column":1}},"line":21},"8":{"name":"(anonymous_8)","decl":{"start":{"line":23,"column":14},"end":{"line":23,"column":15}},"loc":{"start":{"line":23,"column":24},"end":{"line":28,"column":9}},"line":23},"9":{"name":"(anonymous_9)","decl":{"start":{"line":32,"column":23},"end":{"line":32,"column":24}},"loc":{"start":{"line":32,"column":43},"end":{"line":39,"column":1}},"line":32},"10":{"name":"(anonymous_10)","decl":{"start":{"line":37,"column":11},"end":{"line":37,"column":12}},"loc":{"start":{"line":37,"column":22},"end":{"line":37,"column":39}},"line":37},"11":{"name":"(anonymous_11)","decl":{"start":{"line":41,"column":23},"end":{"line":41,"column":24}},"loc":{"start":{"line":41,"column":43},"end":{"line":45,"column":1}},"line":41},"12":{"name":"(anonymous_12)","decl":{"start":{"line":43,"column":14},"end":{"line":43,"column":15}},"loc":{"start":{"line":43,"column":23},"end":{"line":43,"column":44}},"line":43}},"branchMap":{"0":{"loc":{"start":{"line":24,"column":12},"end":{"line":26,"column":13}},"type":"if","locations":[{"start":{"line":24,"column":12},"end":{"line":26,"column":13}},{"start":{},"end":{}}],"line":24}},"s":{"0":2,"1":2,"2":1,"3":1,"4":2,"5":0,"6":0,"7":0,"8":2,"9":0,"10":0,"11":2,"12":0,"13":0,"14":0,"15":0,"16":2,"17":0,"18":0,"19":2,"20":0,"21":0,"22":2},"f":{"0":1,"1":1,"2":0,"3":0,"4":0,"5":0,"6":0,"7":0,"8":0,"9":0,"10":0,"11":0,"12":0},"b":{"0":[0,0]},"_coverageSchema":"1a1c01bbd47fc00a2c39e90264f33305004495a9","hash":"7d774c45c4e6cac2a764073a73f722652614de05"}
,"/home/achyut/6003cem/c30-a/books-api/controllers/review-controller.js": {"path":"/home/achyut/6003cem/c30-a/books-api/controllers/review-controller.js","statementMap":{"0":{"start":{"line":1,"column":13},"end":{"line":1,"column":38}},"1":{"start":{"line":3,"column":22},"end":{"line":9,"column":1}},"2":{"start":{"line":4,"column":4},"end":{"line":8,"column":22}},"3":{"start":{"line":6,"column":12},"end":{"line":6,"column":79}},"4":{"start":{"line":6,"column":23},"end":{"line":6,"column":79}},"5":{"start":{"line":7,"column":12},"end":{"line":7,"column":34}},"6":{"start":{"line":11,"column":21},"end":{"line":26,"column":1}},"7":{"start":{"line":12,"column":4},"end":{"line":25,"column":22}},"8":{"start":{"line":14,"column":12},"end":{"line":14,"column":79}},"9":{"start":{"line":14,"column":23},"end":{"line":14,"column":79}},"10":{"start":{"line":15,"column":27},"end":{"line":18,"column":13}},"11":{"start":{"line":19,"column":12},"end":{"line":19,"column":37}},"12":{"start":{"line":20,"column":12},"end":{"line":24,"column":28}},"13":{"start":{"line":21,"column":32},"end":{"line":23,"column":64}},"14":{"start":{"line":28,"column":25},"end":{"line":37,"column":1}},"15":{"start":{"line":29,"column":4},"end":{"line":36,"column":22}},"16":{"start":{"line":31,"column":12},"end":{"line":31,"column":79}},"17":{"start":{"line":31,"column":23},"end":{"line":31,"column":79}},"18":{"start":{"line":32,"column":12},"end":{"line":32,"column":29}},"19":{"start":{"line":33,"column":12},"end":{"line":35,"column":28}},"20":{"start":{"line":34,"column":32},"end":{"line":34,"column":53}},"21":{"start":{"line":39,"column":22},"end":{"line":47,"column":1}},"22":{"start":{"line":40,"column":4},"end":{"line":46,"column":22}},"23":{"start":{"line":42,"column":12},"end":{"line":42,"column":79}},"24":{"start":{"line":42,"column":23},"end":{"line":42,"column":79}},"25":{"start":{"line":43,"column":27},"end":{"line":43,"column":64}},"26":{"start":{"line":44,"column":12},"end":{"line":44,"column":83}},"27":{"start":{"line":44,"column":25},"end":{"line":44,"column":83}},"28":{"start":{"line":45,"column":12},"end":{"line":45,"column":28}},"29":{"start":{"line":49,"column":25},"end":{"line":65,"column":1}},"30":{"start":{"line":50,"column":4},"end":{"line":64,"column":22}},"31":{"start":{"line":52,"column":12},"end":{"line":52,"column":79}},"32":{"start":{"line":52,"column":23},"end":{"line":52,"column":79}},"33":{"start":{"line":53,"column":12},"end":{"line":60,"column":14}},"34":{"start":{"line":54,"column":16},"end":{"line":58,"column":17}},"35":{"start":{"line":55,"column":20},"end":{"line":57,"column":21}},"36":{"start":{"line":56,"column":24},"end":{"line":56,"column":46}},"37":{"start":{"line":59,"column":16},"end":{"line":59,"column":24}},"38":{"start":{"line":61,"column":12},"end":{"line":63,"column":26}},"39":{"start":{"line":62,"column":16},"end":{"line":62,"column":63}},"40":{"start":{"line":67,"column":25},"end":{"line":84,"column":1}},"41":{"start":{"line":68,"column":4},"end":{"line":83,"column":22}},"42":{"start":{"line":70,"column":12},"end":{"line":70,"column":79}},"43":{"start":{"line":70,"column":23},"end":{"line":70,"column":79}},"44":{"start":{"line":76,"column":12},"end":{"line":79,"column":14}},"45":{"start":{"line":77,"column":16},"end":{"line":78,"column":46}},"46":{"start":{"line":80,"column":12},"end":{"line":82,"column":28}},"47":{"start":{"line":81,"column":30},"end":{"line":81,"column":51}},"48":{"start":{"line":86,"column":0},"end":{"line":93,"column":1}}},"fnMap":{"0":{"name":"(anonymous_0)","decl":{"start":{"line":3,"column":22},"end":{"line":3,"column":23}},"loc":{"start":{"line":3,"column":42},"end":{"line":9,"column":1}},"line":3},"1":{"name":"(anonymous_1)","decl":{"start":{"line":5,"column":14},"end":{"line":5,"column":15}},"loc":{"start":{"line":5,"column":24},"end":{"line":8,"column":9}},"line":5},"2":{"name":"(anonymous_2)","decl":{"start":{"line":11,"column":21},"end":{"line":11,"column":22}},"loc":{"start":{"line":11,"column":41},"end":{"line":26,"column":1}},"line":11},"3":{"name":"(anonymous_3)","decl":{"start":{"line":13,"column":14},"end":{"line":13,"column":15}},"loc":{"start":{"line":13,"column":24},"end":{"line":25,"column":9}},"line":13},"4":{"name":"(anonymous_4)","decl":{"start":{"line":21,"column":22},"end":{"line":21,"column":23}},"loc":{"start":{"line":21,"column":32},"end":{"line":23,"column":64}},"line":21},"5":{"name":"(anonymous_5)","decl":{"start":{"line":28,"column":25},"end":{"line":28,"column":26}},"loc":{"start":{"line":28,"column":45},"end":{"line":37,"column":1}},"line":28},"6":{"name":"(anonymous_6)","decl":{"start":{"line":30,"column":14},"end":{"line":30,"column":15}},"loc":{"start":{"line":30,"column":24},"end":{"line":36,"column":9}},"line":30},"7":{"name":"(anonymous_7)","decl":{"start":{"line":34,"column":22},"end":{"line":34,"column":23}},"loc":{"start":{"line":34,"column":32},"end":{"line":34,"column":53}},"line":34},"8":{"name":"(anonymous_8)","decl":{"start":{"line":39,"column":22},"end":{"line":39,"column":23}},"loc":{"start":{"line":39,"column":42},"end":{"line":47,"column":1}},"line":39},"9":{"name":"(anonymous_9)","decl":{"start":{"line":41,"column":14},"end":{"line":41,"column":15}},"loc":{"start":{"line":41,"column":22},"end":{"line":46,"column":9}},"line":41},"10":{"name":"(anonymous_10)","decl":{"start":{"line":49,"column":25},"end":{"line":49,"column":26}},"loc":{"start":{"line":49,"column":45},"end":{"line":65,"column":1}},"line":49},"11":{"name":"(anonymous_11)","decl":{"start":{"line":51,"column":14},"end":{"line":51,"column":15}},"loc":{"start":{"line":51,"column":22},"end":{"line":64,"column":9}},"line":51},"12":{"name":"(anonymous_12)","decl":{"start":{"line":53,"column":44},"end":{"line":53,"column":45}},"loc":{"start":{"line":53,"column":51},"end":{"line":60,"column":13}},"line":53},"13":{"name":"(anonymous_13)","decl":{"start":{"line":61,"column":29},"end":{"line":61,"column":30}},"loc":{"start":{"line":61,"column":37},"end":{"line":63,"column":13}},"line":61},"14":{"name":"(anonymous_14)","decl":{"start":{"line":67,"column":25},"end":{"line":67,"column":26}},"loc":{"start":{"line":67,"column":45},"end":{"line":84,"column":1}},"line":67},"15":{"name":"(anonymous_15)","decl":{"start":{"line":69,"column":14},"end":{"line":69,"column":15}},"loc":{"start":{"line":69,"column":22},"end":{"line":83,"column":9}},"line":69},"16":{"name":"(anonymous_16)","decl":{"start":{"line":76,"column":47},"end":{"line":76,"column":48}},"loc":{"start":{"line":76,"column":54},"end":{"line":79,"column":13}},"line":76},"17":{"name":"(anonymous_17)","decl":{"start":{"line":81,"column":22},"end":{"line":81,"column":23}},"loc":{"start":{"line":81,"column":30},"end":{"line":81,"column":51}},"line":81}},"branchMap":{"0":{"loc":{"start":{"line":6,"column":12},"end":{"line":6,"column":79}},"type":"if","locations":[{"start":{"line":6,"column":12},"end":{"line":6,"column":79}},{"start":{},"end":{}}],"line":6},"1":{"loc":{"start":{"line":14,"column":12},"end":{"line":14,"column":79}},"type":"if","locations":[{"start":{"line":14,"column":12},"end":{"line":14,"column":79}},{"start":{},"end":{}}],"line":14},"2":{"loc":{"start":{"line":31,"column":12},"end":{"line":31,"column":79}},"type":"if","locations":[{"start":{"line":31,"column":12},"end":{"line":31,"column":79}},{"start":{},"end":{}}],"line":31},"3":{"loc":{"start":{"line":42,"column":12},"end":{"line":42,"column":79}},"type":"if","locations":[{"start":{"line":42,"column":12},"end":{"line":42,"column":79}},{"start":{},"end":{}}],"line":42},"4":{"loc":{"start":{"line":44,"column":12},"end":{"line":44,"column":83}},"type":"if","locations":[{"start":{"line":44,"column":12},"end":{"line":44,"column":83}},{"start":{},"end":{}}],"line":44},"5":{"loc":{"start":{"line":52,"column":12},"end":{"line":52,"column":79}},"type":"if","locations":[{"start":{"line":52,"column":12},"end":{"line":52,"column":79}},{"start":{},"end":{}}],"line":52},"6":{"loc":{"start":{"line":54,"column":16},"end":{"line":58,"column":17}},"type":"if","locations":[{"start":{"line":54,"column":16},"end":{"line":58,"column":17}},{"start":{},"end":{}}],"line":54},"7":{"loc":{"start":{"line":55,"column":20},"end":{"line":57,"column":21}},"type":"if","locations":[{"start":{"line":55,"column":20},"end":{"line":57,"column":21}},{"start":{},"end":{}}],"line":55},"8":{"loc":{"start":{"line":70,"column":12},"end":{"line":70,"column":79}},"type":"if","locations":[{"start":{"line":70,"column":12},"end":{"line":70,"column":79}},{"start":{},"end":{}}],"line":70},"9":{"loc":{"start":{"line":77,"column":24},"end":{"line":78,"column":45}},"type":"binary-expr","locations":[{"start":{"line":77,"column":24},"end":{"line":77,"column":53}},{"start":{"line":78,"column":23},"end":{"line":78,"column":45}}],"line":77}},"s":{"0":2,"1":2,"2":0,"3":0,"4":0,"5":0,"6":2,"7":0,"8":0,"9":0,"10":0,"11":0,"12":0,"13":0,"14":2,"15":0,"16":0,"17":0,"18":0,"19":0,"20":0,"21":2,"22":0,"23":0,"24":0,"25":0,"26":0,"27":0,"28":0,"29":2,"30":0,"31":0,"32":0,"33":0,"34":0,"35":0,"36":0,"37":0,"38":0,"39":0,"40":2,"41":0,"42":0,"43":0,"44":0,"45":0,"46":0,"47":0,"48":2},"f":{"0":0,"1":0,"2":0,"3":0,"4":0,"5":0,"6":0,"7":0,"8":0,"9":0,"10":0,"11":0,"12":0,"13":0,"14":0,"15":0,"16":0,"17":0},"b":{"0":[0,0],"1":[0,0],"2":[0,0],"3":[0,0],"4":[0,0],"5":[0,0],"6":[0,0],"7":[0,0],"8":[0,0],"9":[0,0]},"_coverageSchema":"1a1c01bbd47fc00a2c39e90264f33305004495a9","hash":"03f75af58c7060a9e4887936af68416c0d47e021"}
,"/home/achyut/6003cem/c30-a/books-api/middlewares/auth.js": {"path":"/home/achyut/6003cem/c30-a/books-api/middlewares/auth.js","statementMap":{"0":{"start":{"line":1,"column":12},"end":{"line":1,"column":35}},"1":{"start":{"line":3,"column":19},"end":{"line":14,"column":1}},"2":{"start":{"line":4,"column":16},"end":{"line":4,"column":41}},"3":{"start":{"line":5,"column":4},"end":{"line":5,"column":80}},"4":{"start":{"line":5,"column":16},"end":{"line":5,"column":80}},"5":{"start":{"line":6,"column":4},"end":{"line":6,"column":31}},"6":{"start":{"line":8,"column":4},"end":{"line":12,"column":6}},"7":{"start":{"line":9,"column":8},"end":{"line":9,"column":68}},"8":{"start":{"line":9,"column":17},"end":{"line":9,"column":68}},"9":{"start":{"line":10,"column":8},"end":{"line":10,"column":26}},"10":{"start":{"line":13,"column":4},"end":{"line":13,"column":10}},"11":{"start":{"line":16,"column":20},"end":{"line":22,"column":1}},"12":{"start":{"line":17,"column":4},"end":{"line":21,"column":5}},"13":{"start":{"line":18,"column":8},"end":{"line":18,"column":68}},"14":{"start":{"line":19,"column":11},"end":{"line":21,"column":5}},"15":{"start":{"line":20,"column":8},"end":{"line":20,"column":14}},"16":{"start":{"line":23,"column":0},"end":{"line":23,"column":44}}},"fnMap":{"0":{"name":"(anonymous_0)","decl":{"start":{"line":3,"column":19},"end":{"line":3,"column":20}},"loc":{"start":{"line":3,"column":39},"end":{"line":14,"column":1}},"line":3},"1":{"name":"(anonymous_1)","decl":{"start":{"line":8,"column":42},"end":{"line":8,"column":43}},"loc":{"start":{"line":8,"column":60},"end":{"line":12,"column":5}},"line":8},"2":{"name":"(anonymous_2)","decl":{"start":{"line":16,"column":20},"end":{"line":16,"column":21}},"loc":{"start":{"line":16,"column":40},"end":{"line":22,"column":1}},"line":16}},"branchMap":{"0":{"loc":{"start":{"line":5,"column":4},"end":{"line":5,"column":80}},"type":"if","locations":[{"start":{"line":5,"column":4},"end":{"line":5,"column":80}},{"start":{},"end":{}}],"line":5},"1":{"loc":{"start":{"line":9,"column":8},"end":{"line":9,"column":68}},"type":"if","locations":[{"start":{"line":9,"column":8},"end":{"line":9,"column":68}},{"start":{},"end":{}}],"line":9},"2":{"loc":{"start":{"line":17,"column":4},"end":{"line":21,"column":5}},"type":"if","locations":[{"start":{"line":17,"column":4},"end":{"line":21,"column":5}},{"start":{"line":19,"column":11},"end":{"line":21,"column":5}}],"line":17},"3":{"loc":{"start":{"line":19,"column":11},"end":{"line":21,"column":5}},"type":"if","locations":[{"start":{"line":19,"column":11},"end":{"line":21,"column":5}},{"start":{},"end":{}}],"line":19}},"s":{"0":2,"1":2,"2":1,"3":1,"4":0,"5":1,"6":1,"7":1,"8":0,"9":1,"10":1,"11":2,"12":0,"13":0,"14":0,"15":0,"16":2},"f":{"0":1,"1":1,"2":0},"b":{"0":[0,1],"1":[0,1],"2":[0,0],"3":[0,0]},"_coverageSchema":"1a1c01bbd47fc00a2c39e90264f33305004495a9","hash":"f477b9a61e982fed6011ef769b34d7fd190dd6e6"}
,"/home/achyut/6003cem/c30-a/books-api/middlewares/upload.js": {"path":"/home/achyut/6003cem/c30-a/books-api/middlewares/upload.js","statementMap":{"0":{"start":{"line":1,"column":15},"end":{"line":1,"column":32}},"1":{"start":{"line":2,"column":14},"end":{"line":2,"column":32}},"2":{"start":{"line":3,"column":13},"end":{"line":3,"column":28}},"3":{"start":{"line":5,"column":16},"end":{"line":13,"column":2}},"4":{"start":{"line":7,"column":8},"end":{"line":7,"column":34}},"5":{"start":{"line":10,"column":20},"end":{"line":10,"column":65}},"6":{"start":{"line":11,"column":8},"end":{"line":11,"column":53}},"7":{"start":{"line":15,"column":19},"end":{"line":21,"column":1}},"8":{"start":{"line":16,"column":16},"end":{"line":16,"column":61}},"9":{"start":{"line":17,"column":4},"end":{"line":19,"column":5}},"10":{"start":{"line":18,"column":8},"end":{"line":18,"column":73}},"11":{"start":{"line":20,"column":4},"end":{"line":20,"column":18}},"12":{"start":{"line":23,"column":15},"end":{"line":27,"column":2}},"13":{"start":{"line":29,"column":0},"end":{"line":29,"column":23}}},"fnMap":{"0":{"name":"(anonymous_0)","decl":{"start":{"line":6,"column":17},"end":{"line":6,"column":18}},"loc":{"start":{"line":6,"column":36},"end":{"line":8,"column":5}},"line":6},"1":{"name":"(anonymous_1)","decl":{"start":{"line":9,"column":14},"end":{"line":9,"column":15}},"loc":{"start":{"line":9,"column":33},"end":{"line":12,"column":5}},"line":9},"2":{"name":"(anonymous_2)","decl":{"start":{"line":15,"column":19},"end":{"line":15,"column":20}},"loc":{"start":{"line":15,"column":38},"end":{"line":21,"column":1}},"line":15}},"branchMap":{"0":{"loc":{"start":{"line":17,"column":4},"end":{"line":19,"column":5}},"type":"if","locations":[{"start":{"line":17,"column":4},"end":{"line":19,"column":5}},{"start":{},"end":{}}],"line":17}},"s":{"0":2,"1":2,"2":2,"3":2,"4":0,"5":0,"6":0,"7":2,"8":0,"9":0,"10":0,"11":0,"12":2,"13":2},"f":{"0":0,"1":0,"2":0},"b":{"0":[0,0]},"_coverageSchema":"1a1c01bbd47fc00a2c39e90264f33305004495a9","hash":"1c2e21cba7a1d0ee9b0a421b47e49673aec2b468"}
,"/home/achyut/6003cem/c30-a/books-api/models/Book.js": {"path":"/home/achyut/6003cem/c30-a/books-api/models/Book.js","statementMap":{"0":{"start":{"line":1,"column":17},"end":{"line":1,"column":36}},"1":{"start":{"line":3,"column":21},"end":{"line":13,"column":2}},"2":{"start":{"line":15,"column":0},"end":{"line":20,"column":2}},"3":{"start":{"line":17,"column":8},"end":{"line":17,"column":53}},"4":{"start":{"line":18,"column":8},"end":{"line":18,"column":35}},"5":{"start":{"line":22,"column":19},"end":{"line":35,"column":24}},"6":{"start":{"line":37,"column":0},"end":{"line":43,"column":2}},"7":{"start":{"line":39,"column":8},"end":{"line":39,"column":53}},"8":{"start":{"line":40,"column":8},"end":{"line":40,"column":35}},"9":{"start":{"line":41,"column":8},"end":{"line":41,"column":35}},"10":{"start":{"line":45,"column":0},"end":{"line":45,"column":51}}},"fnMap":{"0":{"name":"(anonymous_0)","decl":{"start":{"line":16,"column":15},"end":{"line":16,"column":16}},"loc":{"start":{"line":16,"column":47},"end":{"line":19,"column":5}},"line":16},"1":{"name":"(anonymous_1)","decl":{"start":{"line":38,"column":15},"end":{"line":38,"column":16}},"loc":{"start":{"line":38,"column":47},"end":{"line":42,"column":5}},"line":38}},"branchMap":{},"s":{"0":2,"1":2,"2":2,"3":0,"4":0,"5":2,"6":2,"7":1,"8":1,"9":1,"10":2},"f":{"0":0,"1":1},"b":{},"_coverageSchema":"1a1c01bbd47fc00a2c39e90264f33305004495a9","hash":"cf0f65987bee8aefa630a2f771f92ee51b9a7300"}
,"/home/achyut/6003cem/c30-a/books-api/models/User.js": {"path":"/home/achyut/6003cem/c30-a/books-api/models/User.js","statementMap":{"0":{"start":{"line":1,"column":17},"end":{"line":1,"column":36}},"1":{"start":{"line":3,"column":19},"end":{"line":28,"column":2}},"2":{"start":{"line":32,"column":0},"end":{"line":39,"column":2}},"3":{"start":{"line":34,"column":8},"end":{"line":34,"column":53}},"4":{"start":{"line":35,"column":8},"end":{"line":35,"column":35}},"5":{"start":{"line":36,"column":8},"end":{"line":36,"column":40}},"6":{"start":{"line":37,"column":8},"end":{"line":37,"column":35}},"7":{"start":{"line":41,"column":0},"end":{"line":41,"column":55}}},"fnMap":{"0":{"name":"(anonymous_0)","decl":{"start":{"line":33,"column":15},"end":{"line":33,"column":16}},"loc":{"start":{"line":33,"column":47},"end":{"line":38,"column":5}},"line":33}},"branchMap":{},"s":{"0":2,"1":2,"2":2,"3":2,"4":2,"5":2,"6":2,"7":2},"f":{"0":2},"b":{},"_coverageSchema":"1a1c01bbd47fc00a2c39e90264f33305004495a9","hash":"ceedd6c9e997c7ce5f84c35a7022a989e14a812d"}
,"/home/achyut/6003cem/c30-a/books-api/routes/book-routes.js": {"path":"/home/achyut/6003cem/c30-a/books-api/routes/book-routes.js","statementMap":{"0":{"start":{"line":1,"column":16},"end":{"line":1,"column":34}},"1":{"start":{"line":2,"column":15},"end":{"line":2,"column":31}},"2":{"start":{"line":3,"column":23},"end":{"line":3,"column":64}},"3":{"start":{"line":4,"column":25},"end":{"line":4,"column":68}},"4":{"start":{"line":5,"column":24},"end":{"line":5,"column":54}},"5":{"start":{"line":7,"column":0},"end":{"line":13,"column":55}},"6":{"start":{"line":11,"column":8},"end":{"line":11,"column":69}},"7":{"start":{"line":15,"column":0},"end":{"line":21,"column":42}},"8":{"start":{"line":18,"column":8},"end":{"line":18,"column":70}},"9":{"start":{"line":23,"column":0},"end":{"line":29,"column":46}},"10":{"start":{"line":27,"column":8},"end":{"line":27,"column":69}},"11":{"start":{"line":31,"column":0},"end":{"line":37,"column":6}},"12":{"start":{"line":36,"column":8},"end":{"line":36,"column":70}},"13":{"start":{"line":38,"column":0},"end":{"line":38,"column":23}}},"fnMap":{"0":{"name":"(anonymous_0)","decl":{"start":{"line":10,"column":9},"end":{"line":10,"column":10}},"loc":{"start":{"line":10,"column":23},"end":{"line":12,"column":5}},"line":10},"1":{"name":"(anonymous_1)","decl":{"start":{"line":17,"column":10},"end":{"line":17,"column":11}},"loc":{"start":{"line":17,"column":24},"end":{"line":19,"column":5}},"line":17},"2":{"name":"(anonymous_2)","decl":{"start":{"line":26,"column":9},"end":{"line":26,"column":10}},"loc":{"start":{"line":26,"column":23},"end":{"line":28,"column":5}},"line":26},"3":{"name":"(anonymous_3)","decl":{"start":{"line":35,"column":10},"end":{"line":35,"column":11}},"loc":{"start":{"line":35,"column":24},"end":{"line":37,"column":5}},"line":35}},"branchMap":{},"s":{"0":2,"1":2,"2":2,"3":2,"4":2,"5":2,"6":0,"7":2,"8":0,"9":2,"10":0,"11":2,"12":0,"13":2},"f":{"0":0,"1":0,"2":0,"3":0},"b":{},"_coverageSchema":"1a1c01bbd47fc00a2c39e90264f33305004495a9","hash":"1d6441f9af4b9dd8af1f552c64b76802361c7339"}
,"/home/achyut/6003cem/c30-a/books-api/routes/user-routes.js": {"path":"/home/achyut/6003cem/c30-a/books-api/routes/user-routes.js","statementMap":{"0":{"start":{"line":1,"column":16},"end":{"line":1,"column":34}},"1":{"start":{"line":2,"column":15},"end":{"line":2,"column":34}},"2":{"start":{"line":3,"column":12},"end":{"line":3,"column":35}},"3":{"start":{"line":4,"column":15},"end":{"line":4,"column":31}},"4":{"start":{"line":5,"column":13},"end":{"line":5,"column":38}},"5":{"start":{"line":7,"column":0},"end":{"line":21,"column":2}},"6":{"start":{"line":8,"column":52},"end":{"line":8,"column":60}},"7":{"start":{"line":9,"column":4},"end":{"line":20,"column":22}},"8":{"start":{"line":12,"column":12},"end":{"line":12,"column":82}},"9":{"start":{"line":12,"column":22},"end":{"line":12,"column":82}},"10":{"start":{"line":13,"column":12},"end":{"line":19,"column":14}},"11":{"start":{"line":14,"column":16},"end":{"line":14,"column":76}},"12":{"start":{"line":14,"column":25},"end":{"line":14,"column":76}},"13":{"start":{"line":15,"column":16},"end":{"line":18,"column":34}},"14":{"start":{"line":17,"column":24},"end":{"line":17,"column":50}},"15":{"start":{"line":23,"column":0},"end":{"line":46,"column":2}},"16":{"start":{"line":24,"column":4},"end":{"line":44,"column":22}},"17":{"start":{"line":26,"column":12},"end":{"line":26,"column":87}},"18":{"start":{"line":26,"column":23},"end":{"line":26,"column":87}},"19":{"start":{"line":27,"column":12},"end":{"line":43,"column":14}},"20":{"start":{"line":28,"column":16},"end":{"line":28,"column":76}},"21":{"start":{"line":28,"column":25},"end":{"line":28,"column":76}},"22":{"start":{"line":29,"column":16},"end":{"line":29,"column":95}},"23":{"start":{"line":29,"column":30},"end":{"line":29,"column":95}},"24":{"start":{"line":30,"column":32},"end":{"line":35,"column":17}},"25":{"start":{"line":36,"column":16},"end":{"line":42,"column":22}},"26":{"start":{"line":40,"column":24},"end":{"line":40,"column":84}},"27":{"start":{"line":40,"column":33},"end":{"line":40,"column":84}},"28":{"start":{"line":41,"column":24},"end":{"line":41,"column":69}},"29":{"start":{"line":48,"column":0},"end":{"line":48,"column":23}}},"fnMap":{"0":{"name":"(anonymous_0)","decl":{"start":{"line":7,"column":25},"end":{"line":7,"column":26}},"loc":{"start":{"line":7,"column":45},"end":{"line":21,"column":1}},"line":7},"1":{"name":"(anonymous_1)","decl":{"start":{"line":10,"column":14},"end":{"line":10,"column":15}},"loc":{"start":{"line":10,"column":24},"end":{"line":20,"column":9}},"line":10},"2":{"name":"(anonymous_2)","decl":{"start":{"line":13,"column":38},"end":{"line":13,"column":39}},"loc":{"start":{"line":13,"column":53},"end":{"line":19,"column":13}},"line":13},"3":{"name":"(anonymous_3)","decl":{"start":{"line":16,"column":26},"end":{"line":16,"column":27}},"loc":{"start":{"line":16,"column":36},"end":{"line":18,"column":21}},"line":16},"4":{"name":"(anonymous_4)","decl":{"start":{"line":23,"column":22},"end":{"line":23,"column":23}},"loc":{"start":{"line":23,"column":42},"end":{"line":46,"column":1}},"line":23},"5":{"name":"(anonymous_5)","decl":{"start":{"line":25,"column":14},"end":{"line":25,"column":15}},"loc":{"start":{"line":25,"column":24},"end":{"line":44,"column":9}},"line":25},"6":{"name":"(anonymous_6)","decl":{"start":{"line":27,"column":61},"end":{"line":27,"column":62}},"loc":{"start":{"line":27,"column":79},"end":{"line":43,"column":13}},"line":27},"7":{"name":"(anonymous_7)","decl":{"start":{"line":39,"column":20},"end":{"line":39,"column":21}},"loc":{"start":{"line":39,"column":36},"end":{"line":42,"column":21}},"line":39}},"branchMap":{"0":{"loc":{"start":{"line":12,"column":12},"end":{"line":12,"column":82}},"type":"if","locations":[{"start":{"line":12,"column":12},"end":{"line":12,"column":82}},{"start":{},"end":{}}],"line":12},"1":{"loc":{"start":{"line":14,"column":16},"end":{"line":14,"column":76}},"type":"if","locations":[{"start":{"line":14,"column":16},"end":{"line":14,"column":76}},{"start":{},"end":{}}],"line":14},"2":{"loc":{"start":{"line":26,"column":12},"end":{"line":26,"column":87}},"type":"if","locations":[{"start":{"line":26,"column":12},"end":{"line":26,"column":87}},{"start":{},"end":{}}],"line":26},"3":{"loc":{"start":{"line":28,"column":16},"end":{"line":28,"column":76}},"type":"if","locations":[{"start":{"line":28,"column":16},"end":{"line":28,"column":76}},{"start":{},"end":{}}],"line":28},"4":{"loc":{"start":{"line":29,"column":16},"end":{"line":29,"column":95}},"type":"if","locations":[{"start":{"line":29,"column":16},"end":{"line":29,"column":95}},{"start":{},"end":{}}],"line":29},"5":{"loc":{"start":{"line":40,"column":24},"end":{"line":40,"column":84}},"type":"if","locations":[{"start":{"line":40,"column":24},"end":{"line":40,"column":84}},{"start":{},"end":{}}],"line":40}},"s":{"0":2,"1":2,"2":2,"3":2,"4":2,"5":2,"6":3,"7":3,"8":3,"9":1,"10":2,"11":2,"12":0,"13":2,"14":2,"15":2,"16":2,"17":2,"18":0,"19":2,"20":2,"21":0,"22":2,"23":0,"24":2,"25":2,"26":2,"27":0,"28":2,"29":2},"f":{"0":3,"1":3,"2":2,"3":2,"4":2,"5":2,"6":2,"7":2},"b":{"0":[1,2],"1":[0,2],"2":[0,2],"3":[0,2],"4":[0,2],"5":[0,2]},"_coverageSchema":"1a1c01bbd47fc00a2c39e90264f33305004495a9","hash":"7735f390d1e4e688b78f951ff5ec84cc207cf982"}
}
